2018-07-18 21:19:00,496 INFO (SpringApplication.java:666)- The following profiles are active: development
2018-07-18 21:19:18,807 INFO (StartupInfoLogger.java:57)- Started ExamServiceApplication in 24.196 seconds (JVM running for 26.058)
2018-07-18 21:26:25,309 INFO (ExamAccountController.java:128)- Enter into controller method getExamAccountList.
2018-07-18 21:26:29,793 INFO (ExamAccountController.java:128)- Enter into controller method getExamAccountList.
2018-07-18 21:28:01,444 ERROR (ExamAccountService.java:108)- Error happend at getExamAccountList.
2018-07-18 21:28:02,173 ERROR (ExamAccountService.java:108)- Error happend at getExamAccountList.
2018-07-18 21:29:16,868 INFO (SpringApplication.java:666)- The following profiles are active: development
2018-07-18 21:29:38,200 INFO (StartupInfoLogger.java:57)- Started ExamServiceApplication in 26.672 seconds (JVM running for 28.062)
2018-07-18 21:29:51,199 INFO (ExamAccountController.java:128)- Enter into controller method getExamAccountList.
2018-07-18 21:31:46,699 INFO (ExamAccountController.java:128)- Enter into controller method getExamAccountList.
2018-07-18 21:32:17,254 INFO (ExamAccountController.java:128)- Enter into controller method getExamAccountList.
2018-07-18 21:41:23,289 INFO (ExamAccountController.java:128)- Enter into controller method getExamAccountList.
2018-07-18 21:42:41,247 INFO (ExamAccountController.java:128)- Enter into controller method getExamAccountList.
2018-07-18 21:43:20,220 INFO (ExamAccountController.java:128)- Enter into controller method getExamAccountList.
2018-07-18 21:46:20,941 INFO (ExamAccountController.java:128)- Enter into controller method getExamAccountList.
2018-07-18 21:46:41,227 INFO (ExamAccountController.java:128)- Enter into controller method getExamAccountList.
2018-07-18 21:46:42,125 INFO (ExamAccountController.java:128)- Enter into controller method getExamAccountList.
2018-07-18 21:47:50,663 INFO (SpringApplication.java:666)- The following profiles are active: development
2018-07-18 21:47:57,755 INFO (StartupInfoLogger.java:57)- Started ExamServiceApplication in 9.733 seconds (JVM running for 1127.57)
2018-07-18 21:48:56,390 INFO (ExamAccountController.java:128)- Enter into controller method getExamAccountList.
2018-07-18 21:48:56,872 ERROR (ExamAccountService.java:108)- Error happend at getExamAccountList.
2018-07-18 21:49:40,837 INFO (ExamAccountController.java:128)- Enter into controller method getExamAccountList.
2018-07-18 21:49:40,871 ERROR (ExamAccountService.java:108)- Error happend at getExamAccountList.
2018-07-18 21:50:57,913 INFO (ExamAccountController.java:128)- Enter into controller method getExamAccountList.
2018-07-18 21:50:57,977 ERROR (ExamAccountService.java:108)- Error happend at getExamAccountList.
2018-07-18 21:51:20,243 INFO (ExamAccountController.java:128)- Enter into controller method getExamAccountList.
2018-07-18 21:51:20,276 ERROR (ExamAccountService.java:108)- Error happend at getExamAccountList.
2018-07-18 21:52:02,418 INFO (SpringApplication.java:666)- The following profiles are active: development
2018-07-18 21:52:08,316 INFO (StartupInfoLogger.java:57)- Started ExamServiceApplication in 8.356 seconds (JVM running for 1378.12)
2018-07-18 21:52:24,888 INFO (ExamAccountController.java:128)- Enter into controller method getExamAccountList.
2018-07-18 21:53:10,803 INFO (SpringApplication.java:666)- The following profiles are active: development
2018-07-18 21:53:28,431 INFO (StartupInfoLogger.java:57)- Started ExamServiceApplication in 22.825 seconds (JVM running for 24.194)
2018-07-18 21:53:49,958 INFO (ExamAccountController.java:128)- Enter into controller method getExamAccountList.
2018-07-18 21:54:23,721 INFO (ExamAccountController.java:128)- Enter into controller method getExamAccountList.
2018-07-18 21:55:24,550 INFO (ExamAccountController.java:128)- Enter into controller method getExamAccountList.
2018-07-18 21:57:51,081 INFO (ExamAccountController.java:128)- Enter into controller method getExamAccountList.
2018-07-18 21:58:07,812 INFO (ExamAccountController.java:128)- Enter into controller method getExamAccountList.
2018-07-18 21:58:15,490 INFO (ExamStructController.java:53)- Enter into method getExamStruct.
2018-07-18 21:59:36,432 INFO (ExamStructController.java:53)- Enter into method getExamStruct.
2018-07-18 22:02:03,406 INFO (ExamStructController.java:53)- Enter into method getExamStruct.
2018-07-18 22:02:07,993 INFO (ExamAccountController.java:128)- Enter into controller method getExamAccountList.
2018-07-18 22:02:12,117 INFO (ExamAccountController.java:128)- Enter into controller method getExamAccountList.
2018-07-18 22:02:27,298 INFO (ExamAccountController.java:128)- Enter into controller method getExamAccountList.
2018-07-18 22:02:33,987 INFO (ExamAccountController.java:128)- Enter into controller method getExamAccountList.
2018-07-18 22:02:35,303 INFO (ExamStructController.java:53)- Enter into method getExamStruct.
2018-07-18 22:02:44,757 INFO (ExamStructController.java:53)- Enter into method getExamStruct.
2018-07-18 22:05:50,637 INFO (ExamStructController.java:53)- Enter into method getExamStruct.
2018-07-18 22:05:53,099 INFO (ExamStructController.java:53)- Enter into method getExamStruct.
2018-07-18 22:06:32,275 INFO (ExamStructController.java:53)- Enter into method getExamStruct.
2018-07-18 22:08:27,499 INFO (ExamAccountController.java:128)- Enter into controller method getExamAccountList.
2018-07-18 22:15:45,041 INFO (ExamAccountController.java:128)- Enter into controller method getExamAccountList.
2018-07-18 22:15:47,532 INFO (ExamAccountController.java:128)- Enter into controller method getExamAccountList.
2018-07-18 22:15:48,562 INFO (ExamStructController.java:53)- Enter into method getExamStruct.
2018-07-18 22:15:51,155 INFO (ExamStructController.java:53)- Enter into method getExamStruct.
2018-07-19 09:03:12,836 INFO (SpringApplication.java:666)- The following profiles are active: development
2018-07-19 09:03:26,114 INFO (StartupInfoLogger.java:57)- Started ExamServiceApplication in 20.024 seconds (JVM running for 40442.241)
2018-07-19 09:03:30,699 INFO (SpringApplication.java:666)- The following profiles are active: development
2018-07-19 09:03:38,040 INFO (StartupInfoLogger.java:57)- Started ExamServiceApplication in 10.579 seconds (JVM running for 40454.166)
2018-07-19 09:04:06,154 INFO (SpringApplication.java:666)- The following profiles are active: development
